<?xml version="1.0" encoding="UTF-8"?>
<testsuite xmlns:xsi="http://www.w3.org/2001/XMLSchema-instance" xsi:noNamespaceSchemaLocation="https://maven.apache.org/surefire/maven-surefire-plugin/xsd/surefire-test-report-3.0.xsd" version="3.0" name="com.food.receipe.manage.foodreceipemanagement.FoodReceipeManagementApplicationTests" time="18.042" tests="1" errors="0" skipped="0" failures="0">
  <properties>
[...]
</properties>
  <testcase name="contextLoads" classname="com.food.receipe.manage.foodreceipemanagement.FoodReceipeManagementApplicationTests" time="4.885">
    <system-out><![CDATA[13:18:10.774 [main] INFO org.springframework.test.context.support.AnnotationConfigContextLoaderUtils -- Could not detect default configuration classes for test class [com.food.receipe.manage.foodreceipemanagement.FoodReceipeManagementApplicationTests]: FoodReceipeManagementApplicationTests does not declare any static, non-private, non-final, nested classes annotated with @Configuration.
13:18:11.115 [main] INFO org.springframework.boot.test.context.SpringBootTestContextBootstrapper -- Found @SpringBootConfiguration com.food.receipe.manage.foodreceipemanagement.FoodReceipeManagementApplication for test class com.food.receipe.manage.foodreceipemanagement.FoodReceipeManagementApplicationTests

  .   ____          _            __ _ _
 /\\ / ___'_ __ _ _(_)_ __  __ _ \ \ \ \
( ( )\___ | '_ | '_| | '_ \/ _` | \ \ \ \
 \\/  ___)| |_)| | | | | || (_| |  ) ) ) )
  '  |____| .__|_| |_|_| |_\__, | / / / /
 =========|_|==============|___/=/_/_/_/
 :: Spring Boot ::                (v3.2.3)

2024-03-09T13:18:12.623+01:00  INFO 10120 --- [           main] .f.FoodReceipeManagementApplicationTests : Starting FoodReceipeManagementApplicationTests using Java 17.0.9 with PID 10120 (started by Sriprakash_G in D:\sriprakash_g\source-code)
2024-03-09T13:18:12.636+01:00  INFO 10120 --- [           main] .f.FoodReceipeManagementApplicationTests : No active profile set, falling back to 1 default profile: "default"
2024-03-09T13:18:15.082+01:00  INFO 10120 --- [           main] .s.d.r.c.RepositoryConfigurationDelegate : Bootstrapping Spring Data JPA repositories in DEFAULT mode.
2024-03-09T13:18:15.153+01:00  INFO 10120 --- [           main] .s.d.r.c.RepositoryConfigurationDelegate : Finished Spring Data repository scanning in 35 ms. Found 0 JPA repository interfaces.
2024-03-09T13:18:16.948+01:00  INFO 10120 --- [           main] com.zaxxer.hikari.HikariDataSource       : HikariPool-1 - Starting...
2024-03-09T13:18:17.623+01:00  INFO 10120 --- [           main] com.zaxxer.hikari.pool.HikariPool        : HikariPool-1 - Added connection conn0: url=jdbc:h2:mem:b45947ee-0c66-48a0-b610-388419c4c74b user=SA
2024-03-09T13:18:17.628+01:00  INFO 10120 --- [           main] com.zaxxer.hikari.HikariDataSource       : HikariPool-1 - Start completed.
2024-03-09T13:18:17.792+01:00  INFO 10120 --- [           main] o.hibernate.jpa.internal.util.LogHelper  : HHH000204: Processing PersistenceUnitInfo [name: default]
2024-03-09T13:18:18.055+01:00  INFO 10120 --- [           main] org.hibernate.Version                    : HHH000412: Hibernate ORM core version 6.4.4.Final
2024-03-09T13:18:18.222+01:00  INFO 10120 --- [           main] o.h.c.internal.RegionFactoryInitiator    : HHH000026: Second-level cache disabled
2024-03-09T13:18:19.206+01:00  INFO 10120 --- [           main] o.s.o.j.p.SpringPersistenceUnitInfo      : No LoadTimeWeaver setup: ignoring JPA class transformer
2024-03-09T13:18:21.078+01:00  INFO 10120 --- [           main] o.h.e.t.j.p.i.JtaPlatformInitiator       : HHH000489: No JTA platform available (set 'hibernate.transaction.jta.platform' to enable JTA platform integration)
2024-03-09T13:18:21.106+01:00  INFO 10120 --- [           main] j.LocalContainerEntityManagerFactoryBean : Initialized JPA EntityManagerFactory for persistence unit 'default'
2024-03-09T13:18:21.645+01:00  WARN 10120 --- [           main] JpaBaseConfiguration$JpaWebConfiguration : spring.jpa.open-in-view is enabled by default. Therefore, database queries may be performed during view rendering. Explicitly configure spring.jpa.open-in-view to disable this warning
2024-03-09T13:18:23.198+01:00  INFO 10120 --- [           main] .f.FoodReceipeManagementApplicationTests : Started FoodReceipeManagementApplicationTests in 11.538 seconds (process running for 14.924)
]]></system-out>
  </testcase>
</testsuite>